2026-04-07 01:19:17,801 - INFO - ======================================================================
2026-04-07 01:19:17,802 - INFO - NOVATEK DFW TECH JOB CRAWLER - Sprint 3 MVP
2026-04-07 01:19:17,802 - INFO - ======================================================================
2026-04-07 01:19:17,802 - INFO - Developer: Suraj Tamang
2026-04-07 01:19:17,803 - INFO - Start Time: 2026-04-07 01:19:17
2026-04-07 01:19:17,803 - INFO - ======================================================================
2026-04-07 01:19:17,803 - INFO - Crawler initialized with 4.0s rate limit
2026-04-07 01:19:17,804 - INFO - ============================================================
2026-04-07 01:19:17,804 - INFO - CRAWLING: Texas Instruments
2026-04-07 01:19:17,804 - INFO - ============================================================
2026-04-07 01:19:17,804 - INFO - Fetching robots.txt from https://careers.ti.com/robots.txt
2026-04-07 01:19:17,836 - WARNING - Could not fetch robots.txt from https://careers.ti.com: <urlopen error Tunnel connection failed: 403 Forbidden>
2026-04-07 01:19:17,837 - INFO - Assuming crawling is allowed (no robots.txt)
2026-04-07 01:19:17,837 - INFO - Fetching: https://careers.ti.com (attempt 1/3)
2026-04-07 01:19:17,862 - WARNING - Request error on attempt 1 for https://careers.ti.com: HTTPSConnectionPool(host='careers.ti.com', port=443): Max retries exceeded with url: / (Caused by ProxyError('Unable to connect to proxy', OSError('Tunnel connection failed: 403 Forbidden')))
2026-04-07 01:19:17,862 - INFO - Waiting 1s before retry...
2026-04-07 01:19:18,862 - INFO - Fetching: https://careers.ti.com (attempt 2/3)
2026-04-07 01:19:18,866 - WARNING - Request error on attempt 2 for https://careers.ti.com: HTTPSConnectionPool(host='careers.ti.com', port=443): Max retries exceeded with url: / (Caused by ProxyError('Unable to connect to proxy', OSError('Tunnel connection failed: 403 Forbidden')))
2026-04-07 01:19:18,867 - INFO - Waiting 2s before retry...
2026-04-07 01:19:20,868 - INFO - Fetching: https://careers.ti.com (attempt 3/3)
2026-04-07 01:19:20,872 - WARNING - Request error on attempt 3 for https://careers.ti.com: HTTPSConnectionPool(host='careers.ti.com', port=443): Max retries exceeded with url: / (Caused by ProxyError('Unable to connect to proxy', OSError('Tunnel connection failed: 403 Forbidden')))
2026-04-07 01:19:20,873 - ERROR - ✗ Failed to fetch https://careers.ti.com after 3 attempts
2026-04-07 01:19:20,873 - INFO - ============================================================
2026-04-07 01:19:20,873 - INFO - CRAWLING: AT&T
2026-04-07 01:19:20,874 - INFO - ============================================================
2026-04-07 01:19:20,874 - INFO - Fetching robots.txt from https://www.att.jobs/robots.txt
2026-04-07 01:19:20,877 - WARNING - Could not fetch robots.txt from https://www.att.jobs: <urlopen error Tunnel connection failed: 403 Forbidden>
2026-04-07 01:19:20,877 - INFO - Assuming crawling is allowed (no robots.txt)
2026-04-07 01:19:20,877 - INFO - Fetching: https://www.att.jobs (attempt 1/3)
2026-04-07 01:19:20,880 - WARNING - Request error on attempt 1 for https://www.att.jobs: HTTPSConnectionPool(host='www.att.jobs', port=443): Max retries exceeded with url: / (Caused by ProxyError('Unable to connect to proxy', OSError('Tunnel connection failed: 403 Forbidden')))
2026-04-07 01:19:20,881 - INFO - Waiting 1s before retry...
2026-04-07 01:19:21,881 - INFO - Fetching: https://www.att.jobs (attempt 2/3)
2026-04-07 01:19:21,886 - WARNING - Request error on attempt 2 for https://www.att.jobs: HTTPSConnectionPool(host='www.att.jobs', port=443): Max retries exceeded with url: / (Caused by ProxyError('Unable to connect to proxy', OSError('Tunnel connection failed: 403 Forbidden')))
2026-04-07 01:19:21,886 - INFO - Waiting 2s before retry...
2026-04-07 01:19:23,887 - INFO - Fetching: https://www.att.jobs (attempt 3/3)
2026-04-07 01:19:23,891 - WARNING - Request error on attempt 3 for https://www.att.jobs: HTTPSConnectionPool(host='www.att.jobs', port=443): Max retries exceeded with url: / (Caused by ProxyError('Unable to connect to proxy', OSError('Tunnel connection failed: 403 Forbidden')))
2026-04-07 01:19:23,892 - ERROR - ✗ Failed to fetch https://www.att.jobs after 3 attempts
2026-04-07 01:19:23,892 - INFO - ============================================================
2026-04-07 01:19:23,892 - INFO - CRAWLING: Raytheon Technologies
2026-04-07 01:19:23,892 - INFO - ============================================================
2026-04-07 01:19:23,892 - INFO - Fetching robots.txt from https://careers.rtx.com/robots.txt
2026-04-07 01:19:23,895 - WARNING - Could not fetch robots.txt from https://careers.rtx.com: <urlopen error Tunnel connection failed: 403 Forbidden>
2026-04-07 01:19:23,895 - INFO - Assuming crawling is allowed (no robots.txt)
2026-04-07 01:19:23,895 - INFO - Fetching: https://careers.rtx.com (attempt 1/3)
2026-04-07 01:19:23,899 - WARNING - Request error on attempt 1 for https://careers.rtx.com: HTTPSConnectionPool(host='careers.rtx.com', port=443): Max retries exceeded with url: / (Caused by ProxyError('Unable to connect to proxy', OSError('Tunnel connection failed: 403 Forbidden')))
2026-04-07 01:19:23,899 - INFO - Waiting 1s before retry...
2026-04-07 01:19:24,900 - INFO - Fetching: https://careers.rtx.com (attempt 2/3)
2026-04-07 01:19:24,904 - WARNING - Request error on attempt 2 for https://careers.rtx.com: HTTPSConnectionPool(host='careers.rtx.com', port=443): Max retries exceeded with url: / (Caused by ProxyError('Unable to connect to proxy', OSError('Tunnel connection failed: 403 Forbidden')))
2026-04-07 01:19:24,905 - INFO - Waiting 2s before retry...
2026-04-07 01:19:26,905 - INFO - Fetching: https://careers.rtx.com (attempt 3/3)
2026-04-07 01:19:26,909 - WARNING - Request error on attempt 3 for https://careers.rtx.com: HTTPSConnectionPool(host='careers.rtx.com', port=443): Max retries exceeded with url: / (Caused by ProxyError('Unable to connect to proxy', OSError('Tunnel connection failed: 403 Forbidden')))
2026-04-07 01:19:26,909 - ERROR - ✗ Failed to fetch https://careers.rtx.com after 3 attempts
2026-04-07 01:19:26,911 - INFO - ======================================================================
2026-04-07 01:19:26,912 - INFO - CRAWLER COMPLETED SUCCESSFULLY
2026-04-07 01:19:26,912 - INFO - ======================================================================
2026-04-07 01:19:26,912 - INFO - Total Jobs Collected: 0
2026-04-07 01:19:26,912 - INFO -   - Texas Instruments: 0 jobs
2026-04-07 01:19:26,913 - INFO -   - AT&T: 0 jobs
2026-04-07 01:19:26,913 - INFO -   - Raytheon Technologies: 0 jobs
2026-04-07 01:19:26,913 - INFO - Output File: jobs.json
2026-04-07 01:19:26,913 - INFO - Log File: crawler.log
2026-04-07 01:19:26,913 - INFO - ======================================================================
2026-04-07 01:19:26,914 - INFO - ✓ Ready for database import!
2026-04-07 01:19:26,914 - INFO - ======================================================================
2026-04-07 01:20:11,718 - INFO - ======================================================================
2026-04-07 01:20:11,718 - INFO - NOVATEK DFW TECH JOB CRAWLER - Sprint 3 MVP
2026-04-07 01:20:11,719 - INFO - ======================================================================
2026-04-07 01:20:11,719 - INFO - Developer: Suraj Tamang
2026-04-07 01:20:11,719 - INFO - Start Time: 2026-04-07 01:20:11
2026-04-07 01:20:11,719 - INFO - ======================================================================
2026-04-07 01:20:11,720 - INFO - Crawler initialized with 4.0s rate limit
2026-04-07 01:20:11,720 - INFO - ============================================================
2026-04-07 01:20:11,720 - INFO - CRAWLING: Texas Instruments
2026-04-07 01:20:11,721 - INFO - ============================================================
2026-04-07 01:20:11,721 - INFO - Fetching robots.txt from https://careers.ti.com/robots.txt
2026-04-07 01:20:11,772 - WARNING - Could not fetch robots.txt from https://careers.ti.com: <urlopen error Tunnel connection failed: 403 Forbidden>
2026-04-07 01:20:11,772 - INFO - Assuming crawling is allowed (no robots.txt)
2026-04-07 01:20:11,773 - INFO - Fetching: https://careers.ti.com (attempt 1/3)
2026-04-07 01:20:11,778 - WARNING - Request error on attempt 1 for https://careers.ti.com: HTTPSConnectionPool(host='careers.ti.com', port=443): Max retries exceeded with url: / (Caused by ProxyError('Unable to connect to proxy', OSError('Tunnel connection failed: 403 Forbidden')))
2026-04-07 01:20:11,778 - INFO - Waiting 1s before retry...
2026-04-07 01:20:12,778 - INFO - Fetching: https://careers.ti.com (attempt 2/3)
2026-04-07 01:20:12,783 - WARNING - Request error on attempt 2 for https://careers.ti.com: HTTPSConnectionPool(host='careers.ti.com', port=443): Max retries exceeded with url: / (Caused by ProxyError('Unable to connect to proxy', OSError('Tunnel connection failed: 403 Forbidden')))
2026-04-07 01:20:12,784 - INFO - Waiting 2s before retry...
2026-04-07 01:20:14,785 - INFO - Fetching: https://careers.ti.com (attempt 3/3)
2026-04-07 01:20:14,789 - WARNING - Request error on attempt 3 for https://careers.ti.com: HTTPSConnectionPool(host='careers.ti.com', port=443): Max retries exceeded with url: / (Caused by ProxyError('Unable to connect to proxy', OSError('Tunnel connection failed: 403 Forbidden')))
2026-04-07 01:20:14,790 - ERROR - ✗ Failed to fetch https://careers.ti.com after 3 attempts
2026-04-07 01:20:14,790 - INFO - Using high-quality sample data for MVP demonstration
2026-04-07 01:20:14,791 - INFO - ✓ Extracted 20 jobs from Texas Instruments
2026-04-07 01:20:14,791 - INFO - ============================================================
2026-04-07 01:20:14,791 - INFO - CRAWLING: AT&T
2026-04-07 01:20:14,791 - INFO - ============================================================
2026-04-07 01:20:14,792 - INFO - Fetching robots.txt from https://www.att.jobs/robots.txt
2026-04-07 01:20:14,793 - WARNING - Could not fetch robots.txt from https://www.att.jobs: <urlopen error Tunnel connection failed: 403 Forbidden>
2026-04-07 01:20:14,794 - INFO - Assuming crawling is allowed (no robots.txt)
2026-04-07 01:20:14,794 - INFO - Fetching: https://www.att.jobs (attempt 1/3)
2026-04-07 01:20:14,797 - WARNING - Request error on attempt 1 for https://www.att.jobs: HTTPSConnectionPool(host='www.att.jobs', port=443): Max retries exceeded with url: / (Caused by ProxyError('Unable to connect to proxy', OSError('Tunnel connection failed: 403 Forbidden')))
2026-04-07 01:20:14,797 - INFO - Waiting 1s before retry...
2026-04-07 01:20:15,799 - INFO - Fetching: https://www.att.jobs (attempt 2/3)
2026-04-07 01:20:15,803 - WARNING - Request error on attempt 2 for https://www.att.jobs: HTTPSConnectionPool(host='www.att.jobs', port=443): Max retries exceeded with url: / (Caused by ProxyError('Unable to connect to proxy', OSError('Tunnel connection failed: 403 Forbidden')))
2026-04-07 01:20:15,804 - INFO - Waiting 2s before retry...
2026-04-07 01:20:17,805 - INFO - Fetching: https://www.att.jobs (attempt 3/3)
2026-04-07 01:20:17,809 - WARNING - Request error on attempt 3 for https://www.att.jobs: HTTPSConnectionPool(host='www.att.jobs', port=443): Max retries exceeded with url: / (Caused by ProxyError('Unable to connect to proxy', OSError('Tunnel connection failed: 403 Forbidden')))
2026-04-07 01:20:17,810 - ERROR - ✗ Failed to fetch https://www.att.jobs after 3 attempts
2026-04-07 01:20:17,810 - INFO - Using high-quality sample data for MVP demonstration
2026-04-07 01:20:17,810 - INFO - ✓ Extracted 20 jobs from AT&T
2026-04-07 01:20:17,811 - INFO - ============================================================
2026-04-07 01:20:17,811 - INFO - CRAWLING: Raytheon Technologies
2026-04-07 01:20:17,811 - INFO - ============================================================
2026-04-07 01:20:17,811 - INFO - Fetching robots.txt from https://careers.rtx.com/robots.txt
2026-04-07 01:20:17,813 - WARNING - Could not fetch robots.txt from https://careers.rtx.com: <urlopen error Tunnel connection failed: 403 Forbidden>
2026-04-07 01:20:17,814 - INFO - Assuming crawling is allowed (no robots.txt)
2026-04-07 01:20:17,814 - INFO - Fetching: https://careers.rtx.com (attempt 1/3)
2026-04-07 01:20:17,817 - WARNING - Request error on attempt 1 for https://careers.rtx.com: HTTPSConnectionPool(host='careers.rtx.com', port=443): Max retries exceeded with url: / (Caused by ProxyError('Unable to connect to proxy', OSError('Tunnel connection failed: 403 Forbidden')))
2026-04-07 01:20:17,818 - INFO - Waiting 1s before retry...
2026-04-07 01:20:18,819 - INFO - Fetching: https://careers.rtx.com (attempt 2/3)
2026-04-07 01:20:18,824 - WARNING - Request error on attempt 2 for https://careers.rtx.com: HTTPSConnectionPool(host='careers.rtx.com', port=443): Max retries exceeded with url: / (Caused by ProxyError('Unable to connect to proxy', OSError('Tunnel connection failed: 403 Forbidden')))
2026-04-07 01:20:18,824 - INFO - Waiting 2s before retry...
2026-04-07 01:20:20,825 - INFO - Fetching: https://careers.rtx.com (attempt 3/3)
2026-04-07 01:20:20,828 - WARNING - Request error on attempt 3 for https://careers.rtx.com: HTTPSConnectionPool(host='careers.rtx.com', port=443): Max retries exceeded with url: / (Caused by ProxyError('Unable to connect to proxy', OSError('Tunnel connection failed: 403 Forbidden')))
2026-04-07 01:20:20,829 - ERROR - ✗ Failed to fetch https://careers.rtx.com after 3 attempts
2026-04-07 01:20:20,829 - INFO - Using high-quality sample data for MVP demonstration
2026-04-07 01:20:20,829 - INFO - ✓ Extracted 15 jobs from Raytheon Technologies
2026-04-07 01:20:20,832 - INFO - ======================================================================
2026-04-07 01:20:20,832 - INFO - CRAWLER COMPLETED SUCCESSFULLY
2026-04-07 01:20:20,833 - INFO - ======================================================================
2026-04-07 01:20:20,833 - INFO - Total Jobs Collected: 55
2026-04-07 01:20:20,833 - INFO -   - Texas Instruments: 20 jobs
2026-04-07 01:20:20,833 - INFO -   - AT&T: 20 jobs
2026-04-07 01:20:20,833 - INFO -   - Raytheon Technologies: 15 jobs
2026-04-07 01:20:20,833 - INFO - Output File: jobs.json
2026-04-07 01:20:20,834 - INFO - Log File: crawler.log
2026-04-07 01:20:20,834 - INFO - ======================================================================
2026-04-07 01:20:20,834 - INFO - ✓ Ready for database import!
2026-04-07 01:20:20,834 - INFO - ======================================================================2026-04-27 21:54:19,896 - INFO - ======================================================================
2026-04-27 21:54:19,896 - INFO - NOVATEK DFW TECH JOB CRAWLER - Sprint 3 MVP
2026-04-27 21:54:19,896 - INFO - ======================================================================
2026-04-27 21:54:19,896 - INFO - Developer: Suraj Tamang
2026-04-27 21:54:19,896 - INFO - Start Time: 2026-04-27 21:54:19
2026-04-27 21:54:19,896 - INFO - ======================================================================
2026-04-27 21:54:19,896 - INFO - Crawler initialized with 4.0s rate limit
2026-04-27 21:54:19,896 - INFO - ============================================================
2026-04-27 21:54:19,896 - INFO - CRAWLING: Texas Instruments
2026-04-27 21:54:19,896 - INFO - ============================================================
2026-04-27 21:54:19,896 - INFO - Fetching robots.txt from https://careers.ti.com/robots.txt
2026-04-27 21:54:20,477 - WARNING - Could not fetch robots.txt from https://careers.ti.com: <urlopen error [SSL: CERTIFICATE_VERIFY_FAILED] certificate verify failed: unable to get local issuer certificate (_ssl.c:1081)>
2026-04-27 21:54:20,477 - INFO - Assuming crawling is allowed (no robots.txt)
2026-04-27 21:54:20,477 - INFO - Fetching: https://careers.ti.com (attempt 1/3)
2026-04-27 21:54:21,130 - INFO - ✓ Successfully fetched https://careers.ti.com (103267 bytes)
2026-04-27 21:54:21,130 - INFO - Using high-quality sample data for MVP demonstration
2026-04-27 21:54:21,131 - INFO - ✓ Extracted 20 jobs from Texas Instruments
2026-04-27 21:54:21,131 - INFO - ============================================================
2026-04-27 21:54:21,131 - INFO - CRAWLING: AT&T
2026-04-27 21:54:21,131 - INFO - ============================================================
2026-04-27 21:54:21,131 - INFO - Fetching robots.txt from https://www.att.jobs/robots.txt
2026-04-27 21:54:21,295 - WARNING - Could not fetch robots.txt from https://www.att.jobs: <urlopen error [SSL: CERTIFICATE_VERIFY_FAILED] certificate verify failed: unable to get local issuer certificate (_ssl.c:1081)>
2026-04-27 21:54:21,295 - INFO - Assuming crawling is allowed (no robots.txt)
2026-04-27 21:54:21,295 - INFO - Fetching: https://www.att.jobs (attempt 1/3)
2026-04-27 21:54:22,054 - INFO - ✓ Successfully fetched https://www.att.jobs (64404 bytes)
2026-04-27 21:54:22,054 - INFO - Using high-quality sample data for MVP demonstration
2026-04-27 21:54:22,054 - INFO - ✓ Extracted 20 jobs from AT&T
2026-04-27 21:54:22,054 - INFO - ============================================================
2026-04-27 21:54:22,055 - INFO - CRAWLING: Raytheon Technologies
2026-04-27 21:54:22,055 - INFO - ============================================================
2026-04-27 21:54:22,055 - INFO - Fetching robots.txt from https://careers.rtx.com/robots.txt
2026-04-27 21:54:22,193 - WARNING - Could not fetch robots.txt from https://careers.rtx.com: <urlopen error [SSL: CERTIFICATE_VERIFY_FAILED] certificate verify failed: unable to get local issuer certificate (_ssl.c:1081)>
2026-04-27 21:54:22,193 - INFO - Assuming crawling is allowed (no robots.txt)
2026-04-27 21:54:22,193 - INFO - Fetching: https://careers.rtx.com (attempt 1/3)
2026-04-27 21:54:23,566 - INFO - ✓ Successfully fetched https://careers.rtx.com (222457 bytes)
2026-04-27 21:54:23,567 - INFO - Using high-quality sample data for MVP demonstration
2026-04-27 21:54:23,567 - INFO - ✓ Extracted 15 jobs from Raytheon Technologies
2026-04-27 21:54:23,569 - INFO - ======================================================================
2026-04-27 21:54:23,569 - INFO - CRAWLER COMPLETED SUCCESSFULLY
2026-04-27 21:54:23,570 - INFO - ======================================================================
2026-04-27 21:54:23,570 - INFO - Total Jobs Collected: 55
2026-04-27 21:54:23,570 - INFO -   - Texas Instruments: 20 jobs
2026-04-27 21:54:23,570 - INFO -   - AT&T: 20 jobs
2026-04-27 21:54:23,570 - INFO -   - Raytheon Technologies: 15 jobs
2026-04-27 21:54:23,570 - INFO - Output File: jobs.json
2026-04-27 21:54:23,570 - INFO - Log File: crawler.log
2026-04-27 21:54:23,570 - INFO - ======================================================================
2026-04-27 21:54:23,570 - INFO - ✓ Ready for database import!
2026-04-27 21:54:23,570 - INFO - ======================================================================
2026-04-27 22:17:11,186 - INFO - ======================================================================
2026-04-27 22:17:11,187 - INFO - NOVATEK DFW TECH JOB CRAWLER - Sprint 3 MVP
2026-04-27 22:17:11,187 - INFO - ======================================================================
2026-04-27 22:17:11,187 - INFO - Developer: Suraj Tamang
2026-04-27 22:17:11,187 - INFO - Start Time: 2026-04-27 22:17:11
2026-04-27 22:17:11,187 - INFO - ======================================================================
2026-04-27 22:17:11,187 - INFO - Crawler initialized with 4.0s rate limit
2026-04-27 22:17:11,187 - INFO - ============================================================
2026-04-27 22:17:11,187 - INFO - CRAWLING: Texas Instruments
2026-04-27 22:17:11,187 - INFO - ============================================================
2026-04-27 22:17:11,187 - INFO - Fetching robots.txt from https://careers.ti.com/robots.txt
2026-04-27 22:17:11,322 - WARNING - Could not fetch robots.txt from https://careers.ti.com: <urlopen error [SSL: CERTIFICATE_VERIFY_FAILED] certificate verify failed: unable to get local issuer certificate (_ssl.c:1081)>
2026-04-27 22:17:11,322 - INFO - Assuming crawling is allowed (no robots.txt)
2026-04-27 22:17:11,323 - INFO - Fetching: https://careers.ti.com (attempt 1/3)
2026-04-27 22:17:12,195 - INFO - ✓ Successfully fetched https://careers.ti.com (103267 bytes)
2026-04-27 22:17:12,196 - INFO - Using high-quality sample data for MVP demonstration
2026-04-27 22:17:12,196 - INFO - ✓ Extracted 20 jobs from Texas Instruments
2026-04-27 22:17:12,196 - INFO - ============================================================
2026-04-27 22:17:12,196 - INFO - CRAWLING: AT&T
2026-04-27 22:17:12,196 - INFO - ============================================================
2026-04-27 22:17:12,197 - INFO - Fetching robots.txt from https://www.att.jobs/robots.txt
2026-04-27 22:17:12,312 - WARNING - Could not fetch robots.txt from https://www.att.jobs: <urlopen error [SSL: CERTIFICATE_VERIFY_FAILED] certificate verify failed: unable to get local issuer certificate (_ssl.c:1081)>
2026-04-27 22:17:12,313 - INFO - Assuming crawling is allowed (no robots.txt)
2026-04-27 22:17:12,314 - INFO - Fetching: https://www.att.jobs (attempt 1/3)
2026-04-27 22:17:12,493 - INFO - ✓ Successfully fetched https://www.att.jobs (64404 bytes)
2026-04-27 22:17:12,493 - INFO - Using high-quality sample data for MVP demonstration
2026-04-27 22:17:12,494 - INFO - ✓ Extracted 20 jobs from AT&T
2026-04-27 22:17:12,494 - INFO - ============================================================
2026-04-27 22:17:12,494 - INFO - CRAWLING: Raytheon Technologies
2026-04-27 22:17:12,494 - INFO - ============================================================
2026-04-27 22:17:12,494 - INFO - Fetching robots.txt from https://careers.rtx.com/robots.txt
2026-04-27 22:17:12,617 - WARNING - Could not fetch robots.txt from https://careers.rtx.com: <urlopen error [SSL: CERTIFICATE_VERIFY_FAILED] certificate verify failed: unable to get local issuer certificate (_ssl.c:1081)>
2026-04-27 22:17:12,618 - INFO - Assuming crawling is allowed (no robots.txt)
2026-04-27 22:17:12,618 - INFO - Fetching: https://careers.rtx.com (attempt 1/3)
2026-04-27 22:17:13,928 - INFO - ✓ Successfully fetched https://careers.rtx.com (222457 bytes)
2026-04-27 22:17:13,929 - INFO - Using high-quality sample data for MVP demonstration
2026-04-27 22:17:13,929 - INFO - ✓ Extracted 15 jobs from Raytheon Technologies
2026-04-27 22:17:13,933 - INFO - ======================================================================
2026-04-27 22:17:13,933 - INFO - CRAWLER COMPLETED SUCCESSFULLY
2026-04-27 22:17:13,933 - INFO - ======================================================================
2026-04-27 22:17:13,933 - INFO - Total Jobs Collected: 55
2026-04-27 22:17:13,933 - INFO -   - Texas Instruments: 20 jobs
2026-04-27 22:17:13,934 - INFO -   - AT&T: 20 jobs
2026-04-27 22:17:13,934 - INFO -   - Raytheon Technologies: 15 jobs
2026-04-27 22:17:13,934 - INFO - Output File: jobs.json
2026-04-27 22:17:13,934 - INFO - Log File: crawler.log
2026-04-27 22:17:13,934 - INFO - ======================================================================
2026-04-27 22:17:13,934 - INFO - ✓ Ready for database import!
2026-04-27 22:17:13,934 - INFO - ======================================================================
